{
  "Cucumber Features": {
    "coverage": {
      "/home/ec2-user/environment/computer-assisted-interview-system/rails-computer-assisted-interview-system/features/step_definitions/login_steps.rb": {
        "lines": [
          null,
          null,
          1,
          2,
          2,
          null,
          null,
          null,
          1,
          3,
          3,
          null,
          null,
          null,
          null,
          1,
          1,
          null,
          null,
          1,
          null,
          null,
          1,
          2,
          2,
          2,
          2,
          2,
          null,
          null,
          1,
          14,
          null,
          null,
          1,
          5,
          null,
          null,
          1,
          4,
          null,
          null,
          1,
          2,
          null,
          null,
          null,
          1,
          6,
          null,
          null,
          1,
          4,
          null,
          null,
          null,
          1,
          12,
          null,
          null,
          null,
          null,
          null,
          12,
          12,
          12,
          null,
          0,
          null,
          null
        ]
      },
      "/home/ec2-user/environment/computer-assisted-interview-system/rails-computer-assisted-interview-system/app/controllers/home_controller.rb": {
        "lines": [
          null,
          1,
          1,
          7,
          7,
          5,
          5,
          2,
          1,
          1,
          null,
          1,
          null,
          null,
          0,
          null,
          null,
          null,
          1,
          null,
          null,
          1,
          null,
          null,
          null,
          null,
          null,
          null,
          null,
          null,
          null,
          null,
          null,
          null,
          null,
          null
        ]
      },
      "/home/ec2-user/environment/computer-assisted-interview-system/rails-computer-assisted-interview-system/app/controllers/application_controller.rb": {
        "lines": [
          1,
          null,
          null,
          1,
          null,
          1,
          0,
          null,
          null
        ]
      },
      "/home/ec2-user/environment/computer-assisted-interview-system/rails-computer-assisted-interview-system/app/helpers/application_helper.rb": {
        "lines": [
          1,
          null
        ]
      },
      "/home/ec2-user/environment/computer-assisted-interview-system/rails-computer-assisted-interview-system/app/helpers/navigation_helper.rb": {
        "lines": [
          1,
          null
        ]
      },
      "/home/ec2-user/environment/computer-assisted-interview-system/rails-computer-assisted-interview-system/app/helpers/qformats_helper.rb": {
        "lines": [
          1,
          null
        ]
      },
      "/home/ec2-user/environment/computer-assisted-interview-system/rails-computer-assisted-interview-system/app/helpers/qnaires_helper.rb": {
        "lines": [
          1,
          null
        ]
      },
      "/home/ec2-user/environment/computer-assisted-interview-system/rails-computer-assisted-interview-system/app/models/project.rb": {
        "lines": [
          1,
          1,
          null
        ]
      },
      "/home/ec2-user/environment/computer-assisted-interview-system/rails-computer-assisted-interview-system/app/controllers/users_controller.rb": {
        "lines": [
          1,
          1,
          2,
          null,
          null,
          1,
          0,
          0,
          0,
          0,
          null,
          null,
          null,
          1,
          2,
          null,
          null,
          1,
          2,
          2,
          2,
          2,
          null,
          0,
          null,
          null,
          null,
          null,
          null,
          1,
          0,
          0,
          0,
          0,
          0,
          0,
          0,
          null,
          null,
          1,
          0,
          0,
          0,
          0,
          0,
          null,
          null,
          1,
          0,
          null,
          null,
          1,
          0,
          0,
          0,
          0,
          null,
          0,
          null,
          null,
          null,
          1,
          0,
          0,
          0,
          null,
          0,
          0,
          null,
          0,
          null,
          null,
          null
        ]
      },
      "/home/ec2-user/environment/computer-assisted-interview-system/rails-computer-assisted-interview-system/app/controllers/qnaires_controller.rb": {
        "lines": [
          1,
          1,
          0,
          null,
          null,
          1,
          null,
          null,
          null,
          null,
          null,
          null,
          null,
          null,
          null,
          null,
          null,
          0,
          0,
          0,
          0,
          0,
          null,
          0,
          0,
          0,
          0,
          0,
          0,
          0,
          0,
          null,
          null,
          1,
          0,
          0,
          0,
          0,
          0,
          null,
          0,
          0,
          0,
          0,
          0,
          0,
          0,
          null,
          0,
          0,
          0,
          0,
          0,
          0,
          0,
          0,
          0,
          0,
          0,
          0,
          null,
          0,
          null,
          null,
          null,
          1,
          0,
          0,
          0,
          0,
          0,
          0,
          0,
          null,
          0,
          0,
          0,
          0,
          0,
          0,
          0,
          0,
          null,
          0,
          null,
          null,
          0,
          0,
          0,
          0,
          0,
          0,
          0,
          0,
          null,
          0,
          0,
          0,
          0,
          0,
          0,
          0,
          null,
          0,
          null,
          null,
          null,
          null,
          1,
          1,
          null,
          null
        ]
      },
      "/home/ec2-user/environment/computer-assisted-interview-system/rails-computer-assisted-interview-system/app/models/qnaire.rb": {
        "lines": [
          1,
          1,
          1,
          1,
          null,
          null
        ]
      }
    },
    "timestamp": 1588619535
  },
  "RSpec": {
    "coverage": {
      "/home/ec2-user/environment/computer-assisted-interview-system/rails-computer-assisted-interview-system/config/environment.rb": {
        "lines": [
          null,
          1,
          null,
          null,
          1
        ]
      },
      "/home/ec2-user/environment/computer-assisted-interview-system/rails-computer-assisted-interview-system/config/application.rb": {
        "lines": [
          1,
          null,
          1,
          null,
          1,
          1,
          1,
          1,
          1,
          1,
          1,
          null,
          null,
          null,
          null,
          1,
          null,
          1,
          1,
          null,
          null,
          null,
          null,
          null,
          null,
          null,
          null,
          null,
          null,
          null,
          null,
          null,
          1,
          null,
          null
        ]
      },
      "/home/ec2-user/environment/computer-assisted-interview-system/rails-computer-assisted-interview-system/config/boot.rb": {
        "lines": [
          1,
          null,
          1
        ]
      },
      "/home/ec2-user/environment/computer-assisted-interview-system/rails-computer-assisted-interview-system/config/environments/test.rb": {
        "lines": [
          1,
          null,
          null,
          null,
          null,
          null,
          null,
          1,
          null,
          null,
          null,
          null,
          1,
          null,
          null,
          1,
          1,
          null,
          null,
          1,
          1,
          null,
          null,
          1,
          null,
          null,
          1,
          null,
          null,
          null,
          null,
          1,
          null,
          null,
          1,
          null,
          null,
          1,
          null,
          null,
          null,
          null
        ]
      },
      "/home/ec2-user/environment/computer-assisted-interview-system/rails-computer-assisted-interview-system/config/initializers/assets.rb": {
        "lines": [
          null,
          null,
          null,
          1,
          null,
          null,
          null,
          null,
          null,
          null,
          null
        ]
      },
      "/home/ec2-user/environment/computer-assisted-interview-system/rails-computer-assisted-interview-system/config/initializers/backtrace_silencers.rb": {
        "lines": [
          null,
          null,
          null,
          null,
          null,
          null,
          null
        ]
      },
      "/home/ec2-user/environment/computer-assisted-interview-system/rails-computer-assisted-interview-system/config/initializers/cookies_serializer.rb": {
        "lines": [
          null,
          null,
          1
        ]
      },
      "/home/ec2-user/environment/computer-assisted-interview-system/rails-computer-assisted-interview-system/config/initializers/devise.rb": {
        "lines": [
          null,
          null,
          null,
          null,
          1,
          null,
          null,
          null,
          null,
          null,
          null,
          null,
          null,
          null,
          null,
          null,
          null,
          null,
          null,
          null,
          1,
          null,
          null,
          null,
          null,
          null,
          null,
          null,
          null,
          null,
          null,
          null,
          1,
          null,
          null,
          null,
          null,
          null,
          null,
          null,
          null,
          null,
          null,
          null,
          null,
          null,
          null,
          null,
          null,
          null,
          null,
          null,
          null,
          null,
          1,
          null,
          null,
          null,
          null,
          1,
          null,
          null,
          null,
          null,
          null,
          null,
          null,
          null,
          null,
          null,
          null,
          null,
          null,
          null,
          null,
          null,
          null,
          null,
          null,
          null,
          null,
          null,
          null,
          null,
          null,
          null,
          null,
          null,
          null,
          null,
          1,
          null,
          null,
          null,
          null,
          null,
          null,
          null,
          null,
          null,
          null,
          null,
          null,
          null,
          null,
          null,
          null,
          null,
          null,
          null,
          null,
          null,
          null,
          1,
          null,
          null,
          null,
          null,
          null,
          null,
          null,
          null,
          null,
          null,
          null,
          null,
          null,
          null,
          null,
          null,
          null,
          null,
          null,
          null,
          null,
          null,
          null,
          null,
          null,
          null,
          null,
          null,
          null,
          null,
          null,
          null,
          null,
          1,
          null,
          null,
          null,
          null,
          null,
          null,
          null,
          null,
          null,
          1,
          null,
          null,
          null,
          null,
          null,
          null,
          null,
          null,
          null,
          null,
          1,
          null,
          null,
          null,
          null,
          1,
          null,
          null,
          null,
          null,
          null,
          null,
          null,
          null,
          null,
          null,
          null,
          null,
          null,
          null,
          null,
          null,
          null,
          null,
          null,
          null,
          null,
          null,
          null,
          null,
          null,
          null,
          null,
          null,
          null,
          null,
          null,
          null,
          null,
          null,
          null,
          null,
          null,
          null,
          null,
          null,
          1,
          null,
          null,
          null,
          null,
          null,
          null,
          null,
          null,
          null,
          null,
          null,
          null,
          null,
          null,
          null,
          null,
          null,
          null,
          null,
          null,
          null,
          null,
          null,
          null,
          null,
          null,
          null,
          null,
          null,
          null,
          null,
          null,
          null,
          null,
          null,
          null,
          null,
          null,
          null,
          null,
          null,
          1,
          null,
          null,
          null,
          null,
          null,
          null,
          null,
          null,
          null,
          null,
          null,
          null,
          null,
          null,
          null,
          null,
          null,
          null,
          null,
          null,
          null,
          null,
          null,
          null,
          null,
          null,
          null,
          null,
          null,
          null,
          null,
          null,
          null,
          null,
          null,
          null,
          null,
          null,
          null,
          null,
          null,
          null
        ]
      },
      "/home/ec2-user/environment/computer-assisted-interview-system/rails-computer-assisted-interview-system/config/initializers/filter_parameter_logging.rb": {
        "lines": [
          null,
          null,
          null,
          1
        ]
      },
      "/home/ec2-user/environment/computer-assisted-interview-system/rails-computer-assisted-interview-system/config/initializers/inflections.rb": {
        "lines": [
          null,
          null,
          null,
          null,
          null,
          null,
          null,
          null,
          null,
          null,
          null,
          null,
          null,
          null,
          null,
          null
        ]
      },
      "/home/ec2-user/environment/computer-assisted-interview-system/rails-computer-assisted-interview-system/config/initializers/mime_types.rb": {
        "lines": [
          null,
          null,
          null,
          null
        ]
      },
      "/home/ec2-user/environment/computer-assisted-interview-system/rails-computer-assisted-interview-system/config/initializers/session_store.rb": {
        "lines": [
          null,
          null,
          1
        ]
      },
      "/home/ec2-user/environment/computer-assisted-interview-system/rails-computer-assisted-interview-system/config/initializers/to_time_preserves_timezone.rb": {
        "lines": [
          null,
          null,
          null,
          null,
          null,
          null,
          null,
          null,
          null,
          1
        ]
      },
      "/home/ec2-user/environment/computer-assisted-interview-system/rails-computer-assisted-interview-system/config/initializers/wrap_parameters.rb": {
        "lines": [
          null,
          null,
          null,
          null,
          null,
          null,
          1,
          1,
          null,
          null,
          null,
          null,
          null,
          null
        ]
      },
      "/home/ec2-user/environment/computer-assisted-interview-system/rails-computer-assisted-interview-system/config/routes.rb": {
        "lines": [
          1,
          1,
          null,
          1,
          null,
          1,
          null,
          null,
          null,
          null,
          null,
          null,
          null,
          null,
          null,
          null,
          null,
          null,
          null,
          null,
          null,
          null,
          null,
          null,
          null,
          null,
          null,
          null,
          null,
          null,
          null,
          null,
          null,
          null,
          null,
          null,
          null,
          null,
          null,
          null,
          null,
          null,
          null,
          null,
          null,
          null,
          null,
          null,
          null,
          null,
          null,
          null,
          null,
          null,
          null,
          null,
          null,
          null,
          null,
          1,
          1,
          1,
          1,
          1,
          1,
          1,
          1,
          1,
          1,
          1,
          1,
          1,
          null,
          1,
          1,
          1,
          1,
          null
        ]
      },
      "/home/ec2-user/environment/computer-assisted-interview-system/rails-computer-assisted-interview-system/app/models/user.rb": {
        "lines": [
          1,
          null,
          null,
          1,
          1,
          null,
          null,
          1,
          0,
          null,
          1,
          0,
          0,
          null,
          null,
          null
        ]
      },
      "/home/ec2-user/environment/computer-assisted-interview-system/rails-computer-assisted-interview-system/app/helpers/application_helper.rb": {
        "lines": [
          1,
          null
        ]
      },
      "/home/ec2-user/environment/computer-assisted-interview-system/rails-computer-assisted-interview-system/app/helpers/navigation_helper.rb": {
        "lines": [
          1,
          null
        ]
      },
      "/home/ec2-user/environment/computer-assisted-interview-system/rails-computer-assisted-interview-system/app/helpers/qformats_helper.rb": {
        "lines": [
          1,
          null
        ]
      },
      "/home/ec2-user/environment/computer-assisted-interview-system/rails-computer-assisted-interview-system/app/helpers/qnaires_helper.rb": {
        "lines": [
          1,
          null
        ]
      },
      "/home/ec2-user/environment/computer-assisted-interview-system/rails-computer-assisted-interview-system/app/controllers/home_controller.rb": {
        "lines": [
          null,
          1,
          1,
          3,
          3,
          1,
          1,
          2,
          1,
          1,
          null,
          1,
          null,
          null,
          0,
          null,
          null,
          null,
          1,
          null,
          null,
          1,
          null,
          null,
          null,
          null,
          null,
          null,
          null,
          null,
          null,
          null,
          null,
          null,
          null,
          null
        ]
      },
      "/home/ec2-user/environment/computer-assisted-interview-system/rails-computer-assisted-interview-system/app/controllers/application_controller.rb": {
        "lines": [
          1,
          null,
          null,
          1,
          null,
          1,
          0,
          null,
          null
        ]
      },
      "/home/ec2-user/environment/computer-assisted-interview-system/rails-computer-assisted-interview-system/spec/controllers/qnaires_controller_spec.rb": {
        "lines": [
          null,
          null,
          null,
          1,
          null,
          null,
          1,
          1,
          1,
          1,
          1,
          1,
          1,
          null,
          null,
          1,
          1,
          1,
          1,
          null,
          1,
          1,
          0,
          null,
          null,
          null,
          null
        ]
      },
      "/home/ec2-user/environment/computer-assisted-interview-system/rails-computer-assisted-interview-system/app/controllers/qnaires_controller.rb": {
        "lines": [
          1,
          1,
          0,
          null,
          null,
          1,
          null,
          null,
          null,
          null,
          null,
          null,
          null,
          null,
          null,
          null,
          null,
          0,
          0,
          0,
          0,
          0,
          null,
          0,
          0,
          0,
          0,
          0,
          0,
          0,
          0,
          null,
          null,
          1,
          1,
          1,
          0,
          0,
          0,
          null,
          0,
          0,
          0,
          0,
          0,
          0,
          0,
          null,
          0,
          0,
          0,
          0,
          0,
          0,
          0,
          0,
          0,
          0,
          0,
          0,
          null,
          0,
          null,
          null,
          null,
          1,
          0,
          0,
          0,
          0,
          0,
          0,
          0,
          null,
          0,
          0,
          0,
          0,
          0,
          0,
          0,
          0,
          null,
          0,
          null,
          null,
          0,
          0,
          0,
          0,
          0,
          0,
          0,
          0,
          null,
          0,
          0,
          0,
          0,
          0,
          0,
          0,
          null,
          0,
          null,
          null,
          null,
          null,
          1,
          0,
          null,
          null
        ]
      },
      "/home/ec2-user/environment/computer-assisted-interview-system/rails-computer-assisted-interview-system/spec/controllers/users_controller_spec.rb": {
        "lines": [
          null,
          null,
          null,
          1,
          null,
          null,
          1,
          1,
          1,
          1,
          1,
          null,
          null,
          1,
          1,
          3,
          3,
          3,
          3,
          null,
          1,
          1,
          1,
          null,
          1,
          1,
          1,
          1,
          null,
          1,
          1,
          1,
          1,
          1,
          1,
          null,
          null,
          null
        ]
      },
      "/home/ec2-user/environment/computer-assisted-interview-system/rails-computer-assisted-interview-system/app/controllers/users_controller.rb": {
        "lines": [
          1,
          1,
          0,
          null,
          null,
          1,
          0,
          0,
          0,
          0,
          null,
          null,
          null,
          1,
          1,
          null,
          null,
          1,
          0,
          0,
          0,
          0,
          null,
          0,
          null,
          null,
          null,
          null,
          null,
          1,
          1,
          1,
          1,
          1,
          1,
          1,
          1,
          null,
          null,
          1,
          1,
          1,
          1,
          1,
          1,
          null,
          null,
          1,
          1,
          null,
          null,
          1,
          0,
          0,
          0,
          0,
          null,
          0,
          null,
          null,
          null,
          1,
          0,
          0,
          0,
          null,
          0,
          0,
          null,
          0,
          null,
          null,
          null
        ]
      },
      "/home/ec2-user/environment/computer-assisted-interview-system/rails-computer-assisted-interview-system/spec/helpers/qformats_helper_spec.rb": {
        "lines": [
          1,
          null,
          null,
          null,
          null,
          null,
          null,
          null,
          null,
          null,
          null,
          null,
          1,
          1,
          null
        ]
      },
      "/home/ec2-user/environment/computer-assisted-interview-system/rails-computer-assisted-interview-system/spec/helpers/qnaires_helper_spec.rb": {
        "lines": [
          1,
          null,
          null,
          null,
          null,
          null,
          null,
          null,
          null,
          null,
          null,
          null,
          1,
          1,
          null
        ]
      },
      "/home/ec2-user/environment/computer-assisted-interview-system/rails-computer-assisted-interview-system/spec/models/option_spec.rb": {
        "lines": [
          1,
          null,
          1,
          1,
          null
        ]
      },
      "/home/ec2-user/environment/computer-assisted-interview-system/rails-computer-assisted-interview-system/app/models/option.rb": {
        "lines": [
          1,
          1,
          null
        ]
      },
      "/home/ec2-user/environment/computer-assisted-interview-system/rails-computer-assisted-interview-system/spec/models/optrecord_spec.rb": {
        "lines": [
          1,
          null,
          1,
          1,
          null
        ]
      },
      "/home/ec2-user/environment/computer-assisted-interview-system/rails-computer-assisted-interview-system/app/models/optrecord.rb": {
        "lines": [
          1,
          1,
          1,
          null
        ]
      },
      "/home/ec2-user/environment/computer-assisted-interview-system/rails-computer-assisted-interview-system/spec/models/qanswer_spec.rb": {
        "lines": [
          1,
          null,
          1,
          1,
          null
        ]
      },
      "/home/ec2-user/environment/computer-assisted-interview-system/rails-computer-assisted-interview-system/app/models/qanswer.rb": {
        "lines": [
          1,
          1,
          null
        ]
      },
      "/home/ec2-user/environment/computer-assisted-interview-system/rails-computer-assisted-interview-system/spec/models/question_spec.rb": {
        "lines": [
          1,
          null,
          1,
          1,
          null
        ]
      },
      "/home/ec2-user/environment/computer-assisted-interview-system/rails-computer-assisted-interview-system/app/models/question.rb": {
        "lines": [
          1,
          1,
          null
        ]
      },
      "/home/ec2-user/environment/computer-assisted-interview-system/rails-computer-assisted-interview-system/spec/requests/qformats_request_spec.rb": {
        "lines": [
          1,
          null,
          1,
          null,
          null
        ]
      },
      "/home/ec2-user/environment/computer-assisted-interview-system/rails-computer-assisted-interview-system/spec/requests/qnaires_request_spec.rb": {
        "lines": [
          1,
          null,
          1,
          null,
          null
        ]
      },
      "/home/ec2-user/environment/computer-assisted-interview-system/rails-computer-assisted-interview-system/app/models/project.rb": {
        "lines": [
          1,
          1,
          null
        ]
      },
      "/home/ec2-user/environment/computer-assisted-interview-system/rails-computer-assisted-interview-system/app/models/qnaire.rb": {
        "lines": [
          1,
          1,
          1,
          1,
          null,
          null
        ]
      }
    },
    "timestamp": 1588619951
  }
}
